MongoDB desconectado
Falha ao conectar no MongoDB em 127.0.0.1
connect ECONNREFUSED 127.0.0.1:27017
Banco nao conectou. Subindo o servidor em modo degradado.
Erro de conexao MongooseServerSelectionError: connect ECONNREFUSED 127.0.0.1:27017
    at Connection.openUri (C:\Users\Nathália\Desktop\livraria\backend\node_modules\mongoose\lib\connection.js:807:32)
    at C:\Users\Nathália\Desktop\livraria\backend\node_modules\mongoose\lib\index.js:342:10
    at C:\Users\Nathália\Desktop\livraria\backend\node_modules\mongoose\lib\helpers\promiseOrCallback.js:32:5
    at new Promise (<anonymous>)
    at promiseOrCallback (C:\Users\Nathália\Desktop\livraria\backend\node_modules\mongoose\lib\helpers\promiseOrCallback.js:31:10)
    at Mongoose._promiseOrCallback (C:\Users\Nathália\Desktop\livraria\backend\node_modules\mongoose\lib\index.js:1176:10)
    at Mongoose.connect (C:\Users\Nathália\Desktop\livraria\backend\node_modules\mongoose\lib\index.js:341:20)
    at connectDb (file:///C:/Users/Nath%C3%A1lia/Desktop/livraria/backend/src/config/dbConnect.js:29:8)
    at file:///C:/Users/Nath%C3%A1lia/Desktop/livraria/backend/server.js:16:9 {
  reason: TopologyDescription {
    type: 'Unknown',
    servers: Map(1) { '127.0.0.1:27017' => [ServerDescription] },
    stale: false,
    compatible: true,
    heartbeatFrequencyMS: 10000,
    localThresholdMS: 15,
    logicalSessionTimeoutMinutes: undefined
  }
}
