
> livraria-backend@1.0.0 start
> node server.js

Servidor escutando em http://localhost:8001
Erro de conexao MongooseServerSelectionError: connect ECONNREFUSED 127.0.0.1:27017
    at Connection.openUri (C:\Users\Nathália\Desktop\livraria\backend\node_modules\mongoose\lib\connection.js:807:32)
    at C:\Users\Nathália\Desktop\livraria\backend\node_modules\mongoose\lib\index.js:342:10
    at C:\Users\Nathália\Desktop\livraria\backend\node_modules\mongoose\lib\helpers\promiseOrCallback.js:32:5
    at new Promise (<anonymous>)
    at promiseOrCallback (C:\Users\Nathália\Desktop\livraria\backend\node_modules\mongoose\lib\helpers\promiseOrCallback.js:31:10)
    at Mongoose._promiseOrCallback (C:\Users\Nathália\Desktop\livraria\backend\node_modules\mongoose\lib\index.js:1176:10)
    at Mongoose.connect (C:\Users\Nathália\Desktop\livraria\backend\node_modules\mongoose\lib\index.js:341:20)
    at file:///C:/Users/Nath%C3%A1lia/Desktop/livraria/backend/src/config/dbConnect.js:20:6
    at ModuleJob.run (node:internal/modules/esm/module_job:430:25)
    at async onImport.tracePromise.__proto__ (node:internal/modules/esm/loader:655:26) {
  reason: TopologyDescription {
    type: 'Unknown',
    servers: Map(1) { '127.0.0.1:27017' => [ServerDescription] },
    stale: false,
    compatible: true,
    heartbeatFrequencyMS: 10000,
    localThresholdMS: 15,
    logicalSessionTimeoutMinutes: undefined
  }
}
